building the system configuration...
evaluation warning: The option `services.xserver.displayManager.sessionPackages' defined in `/nix/store/n62zmcinrsnl41piwmz9c12jmbh174qd-source/system/services/xserver.nix' has been renamed to `services.displayManager.sessionPackages'.
these 8 derivations will be built:
  /nix/store/1f9as3m8y95j8bvqjrgwxkaricr31brm-hm_nviminit.lua.drv
  /nix/store/513nrjmx8vfbpy1x6y872959hi2badzq-home-manager-files.drv
  /nix/store/7p1mcv25aqnza294avxcvs3fb8lsxd8m-etc-nix-registry.json.drv
  /nix/store/r8a5yk24hsw7kvcvxllkmmncd3dddd8f-home-manager-generation.drv
  /nix/store/wbbc0ld5gv93bj5as7b5m6inbs854g47-unit-home-manager-elena.service.drv
  /nix/store/l9hv81kqwp1cfj19wnj9chb8n1simnal-system-units.drv
  /nix/store/6blsfdbk0x29pr2dcqf3sc9gnymllm01-etc.drv
  /nix/store/qb2k5sg3nd9f9jsv089d958dcviyjqbj-nixos-system-thinkpad-25.05.20250303.ba487db.drv
building '/nix/store/7p1mcv25aqnza294avxcvs3fb8lsxd8m-etc-nix-registry.json.drv'...
building '/nix/store/1f9as3m8y95j8bvqjrgwxkaricr31brm-hm_nviminit.lua.drv'...
building '/nix/store/513nrjmx8vfbpy1x6y872959hi2badzq-home-manager-files.drv'...
building '/nix/store/r8a5yk24hsw7kvcvxllkmmncd3dddd8f-home-manager-generation.drv'...
building '/nix/store/wbbc0ld5gv93bj5as7b5m6inbs854g47-unit-home-manager-elena.service.drv'...
building '/nix/store/l9hv81kqwp1cfj19wnj9chb8n1simnal-system-units.drv'...
building '/nix/store/6blsfdbk0x29pr2dcqf3sc9gnymllm01-etc.drv'...
building '/nix/store/qb2k5sg3nd9f9jsv089d958dcviyjqbj-nixos-system-thinkpad-25.05.20250303.ba487db.drv'...
activating the configuration...
setting up /etc...
reloading user units for elena...
restarting sysinit-reactivation.target
the following new units were started: NetworkManager-dispatcher.service
Done. The new configuration is /nix/store/1f6fc60h94g61ivp4p4ik025j7r1rj7q-nixos-system-thinkpad-25.05.20250303.ba487db
