building the system configuration...
evaluation warning: The option `services.xserver.displayManager.sessionPackages' defined in `/nix/store/nv747vn1s248bfi7x21m4law8kyissww-source/system/services/xserver.nix' has been renamed to `services.displayManager.sessionPackages'.
these 16 derivations will be built:
  /nix/store/67mp2cl3nzg6fc1xv927g8rc67dpmbn7-system-generators.drv
  /nix/store/i1pa349zmnfykb4ban2pc73cby09wbr9-system-path.drv
  /nix/store/6ddwdhgbwkin0drymh0yv6kp10sr03s4-dbus-1.drv
  /nix/store/9dhd0mknsgzbkm78kzbl1ldnj715m991-user-generators.drv
  /nix/store/aljlb6f2bj9g5d88vp81srh2w07wdlq4-etc-nix-registry.json.drv
  /nix/store/x97hwily5cfxwc3mj3z0h0xvsnvw0mf6-X-Restart-Triggers-dbus.drv
  /nix/store/2axc6xj4qypd64a2ix84xvg05sf6cp7s-unit-dbus.service.drv
  /nix/store/bq5c64dlb6bid2lka58zaylsvb5dk2r7-user-units.drv
  /nix/store/g9ahlzx3qb3pwkzyv9z15djqb711vynh-system-shutdown.drv
  /nix/store/5kp7c7amxg9ks13cr2ch2wh09h7b1cq9-unit-accounts-daemon.service.drv
  /nix/store/kk0cdhvjf7szd51ba5166gnz7v4hr8qs-X-Restart-Triggers-polkit.drv
  /nix/store/5v5v76zvmzrs1vjjqyfcpnl5c94n896p-unit-polkit.service.drv
  /nix/store/m975rna2cqf0wpyy75icpszrhd5bfpm8-unit-dbus.service.drv
  /nix/store/w5l2dmimhk2mc03l4yv34blm3q4xxlj6-system-units.drv
  /nix/store/28lajy67801b51xa3mhspjyccfvq5xgw-etc.drv
  /nix/store/z4ijkq9ra7dzsbdcdy5pcqd4zz2xpvzp-nixos-system-thinkpad-25.05.20250303.ba487db.drv
these 7 paths will be fetched (2.90 MiB download, 18.11 MiB unpacked):
  /nix/store/2ghqmn57lcp1kpdix7wk3zyc47z8dg9b-blueman-2.4.4
  /nix/store/qw6iyn10xjhkyczpd32c1ymh02mrrch2-dbus-glib-0.112
  /nix/store/5fbx1xi0d51pmnlq0vb78cp9320irpdc-getconf-glibc-2.40-66
  /nix/store/n0ya9s2zsrgwzph21gyw2gr7p4g942a0-libusb-compat-0.1.8
  /nix/store/n7ykirrns3zlirlm5ksymgfc493ra2r1-obex-data-server-0.4.6
  /nix/store/f8s59zzc0sapd73ialaqsp6zm3iahh71-openobex-1.7.2
  /nix/store/iyxdk02fn52ik9fsjirhnkcnwzkardc2-texinfo-7.1.1
copying path '/nix/store/5fbx1xi0d51pmnlq0vb78cp9320irpdc-getconf-glibc-2.40-66' from 'https://cache.nixos.org'...
copying path '/nix/store/iyxdk02fn52ik9fsjirhnkcnwzkardc2-texinfo-7.1.1' from 'https://cache.nixos.org'...
building '/nix/store/aljlb6f2bj9g5d88vp81srh2w07wdlq4-etc-nix-registry.json.drv'...
copying path '/nix/store/qw6iyn10xjhkyczpd32c1ymh02mrrch2-dbus-glib-0.112' from 'https://cache.nixos.org'...
copying path '/nix/store/n0ya9s2zsrgwzph21gyw2gr7p4g942a0-libusb-compat-0.1.8' from 'https://cache.nixos.org'...
copying path '/nix/store/f8s59zzc0sapd73ialaqsp6zm3iahh71-openobex-1.7.2' from 'https://cache.nixos.org'...
copying path '/nix/store/n7ykirrns3zlirlm5ksymgfc493ra2r1-obex-data-server-0.4.6' from 'https://cache.nixos.org'...
copying path '/nix/store/2ghqmn57lcp1kpdix7wk3zyc47z8dg9b-blueman-2.4.4' from 'https://cache.nixos.org'...
building '/nix/store/67mp2cl3nzg6fc1xv927g8rc67dpmbn7-system-generators.drv'...
building '/nix/store/i1pa349zmnfykb4ban2pc73cby09wbr9-system-path.drv'...
building '/nix/store/g9ahlzx3qb3pwkzyv9z15djqb711vynh-system-shutdown.drv'...
building '/nix/store/9dhd0mknsgzbkm78kzbl1ldnj715m991-user-generators.drv'...
building '/nix/store/kk0cdhvjf7szd51ba5166gnz7v4hr8qs-X-Restart-Triggers-polkit.drv'...
building '/nix/store/6ddwdhgbwkin0drymh0yv6kp10sr03s4-dbus-1.drv'...
building '/nix/store/5kp7c7amxg9ks13cr2ch2wh09h7b1cq9-unit-accounts-daemon.service.drv'...
building '/nix/store/x97hwily5cfxwc3mj3z0h0xvsnvw0mf6-X-Restart-Triggers-dbus.drv'...
building '/nix/store/5v5v76zvmzrs1vjjqyfcpnl5c94n896p-unit-polkit.service.drv'...
building '/nix/store/2axc6xj4qypd64a2ix84xvg05sf6cp7s-unit-dbus.service.drv'...
building '/nix/store/m975rna2cqf0wpyy75icpszrhd5bfpm8-unit-dbus.service.drv'...
building '/nix/store/bq5c64dlb6bid2lka58zaylsvb5dk2r7-user-units.drv'...
building '/nix/store/w5l2dmimhk2mc03l4yv34blm3q4xxlj6-system-units.drv'...
building '/nix/store/28lajy67801b51xa3mhspjyccfvq5xgw-etc.drv'...
building '/nix/store/z4ijkq9ra7dzsbdcdy5pcqd4zz2xpvzp-nixos-system-thinkpad-25.05.20250303.ba487db.drv'...
stopping the following units: accounts-daemon.service
activating the configuration...
setting up /etc...
reloading user units for elena...
restarting sysinit-reactivation.target
reloading the following units: dbus.service
restarting the following units: polkit.service
starting the following units: accounts-daemon.service
the following new units were started: NetworkManager-dispatcher.service, sysinit-reactivation.target, systemd-tmpfiles-resetup.service
Done. The new configuration is /nix/store/hhy26aabxznwq3gghms0dzxgf5bp71py-nixos-system-thinkpad-25.05.20250303.ba487db
